<?xml version="1.0" encoding="UTF-8"?>
<!-- Generated by org.testng.reporters.JUnitXMLReporter -->
<testsuite hostname="ADS61" name="Default test" tests="4" failures="0" timestamp="9 Oct 2017 13:21:30 GMT" time="0.577" errors="0">
  <testcase name="ArthaDB_Customer_FirstName_Check_TC001" time="0.016" classname="exe.Arthadb_Automation"/>
  <testcase name="ArthaDB_Customers_SSN_Check_TC002" time="0.004" classname="exe.Arthadb_Automation"/>
  <testcase name="ArthaDB_PrimaryPhoneNumber_TC003" time="0.005" classname="exe.Arthadb_Automation"/>
  <testcase name="ArthaDB_MailingAddressZipCode_Check_TC005" time="0.002" classname="exe.Arthadb_Automation"/>
</testsuite> <!-- Default test -->
