<?xml version="1.0" encoding="UTF-8"?>
<!-- Generated by org.testng.reporters.JUnitXMLReporter -->
<testsuite hostname="ADS61" name="Test" tests="4" failures="3" timestamp="9 Oct 2017 07:24:28 GMT" time="0.527" errors="0">
  <testcase name="ArthaDB_Customer_FirstName_Check_TC001" time="0.016" classname="exe.Arthadb_Automation">
    <failure type="junit.framework.AssertionFailedError" message="CUSTOMERS-FirstName check is Failed at SSN=620-74-4374, expected:&amp;lt;0&amp;gt; but was:&amp;lt;1&amp;gt;">
      <![CDATA[junit.framework.AssertionFailedError: CUSTOMERS-FirstName check is Failed at SSN=620-74-4374, expected:<0> but was:<1>
	at junit.framework.Assert.fail(Assert.java:57)
	at junit.framework.Assert.failNotEquals(Assert.java:329)
	at junit.framework.Assert.assertEquals(Assert.java:78)
	at junit.framework.Assert.assertEquals(Assert.java:234)
	at exe.Arthadb_Automation.ArthaDB_Customer_FirstName_Check_TC001(Arthadb_Automation.java:84)
... Removed 24 stack frames]]>
    </failure>
  </testcase> <!-- ArthaDB_Customer_FirstName_Check_TC001 -->
  <testcase name="ArthaDB_Customers_SSN_Check_TC002" time="0.016" classname="exe.Arthadb_Automation">
    <failure type="junit.framework.AssertionFailedError" message="CUSTOMERS- SSN check is Failed at CustomerPK=5, expected:&amp;lt;0&amp;gt; but was:&amp;lt;1&amp;gt;">
      <![CDATA[junit.framework.AssertionFailedError: CUSTOMERS- SSN check is Failed at CustomerPK=5, expected:<0> but was:<1>
	at junit.framework.Assert.fail(Assert.java:57)
	at junit.framework.Assert.failNotEquals(Assert.java:329)
	at junit.framework.Assert.assertEquals(Assert.java:78)
	at junit.framework.Assert.assertEquals(Assert.java:234)
	at exe.Arthadb_Automation.ArthaDB_Customers_SSN_Check_TC002(Arthadb_Automation.java:124)
... Removed 24 stack frames]]>
    </failure>
  </testcase> <!-- ArthaDB_Customers_SSN_Check_TC002 -->
  <testcase name="ArthaDB_PrimaryPhoneNumber_TC003" time="0.016" classname="exe.Arthadb_Automation">
    <failure type="junit.framework.AssertionFailedError" message="Customer - PrimaryPhoneNumber check is Failed at SSN=675-82-3342,881-31-7849,620-74-4374,307-33-6120,null,563-13-3480,405-05-7405,348-37-6100,308-33-6028,581-13-7011,484-31-5048,584-19-7081,314-74-6617,739-51-2474,784-34-6166,653-43-5027,739-07-3254,574-19-3006,776-65-7116,619-72-5529,864-07-7321,567-70-7501,778-16-5413,461-24-7796,376-05-5086,314-15-4739,536-52-7283,318-99-3238,641-70-3851,503-62-3268,472-24-4441,335-91-7032,374-98-6150,579-31-6742,562-74-7559,658-01-5837,390-44-7297,886-36-3324,641-54-5377,729-78-6969,886-88-6477,506-24-3865,433-10-7453,741-04-7827,760-15-7865,786-31-7131,656-66-6839,640-60-5548,346-92-6716,467-00-7279,530-89-3743,717-35-7783,862-24-5191,813-09-3240,891-32-4627,526-94-7857,745-94-4520,497-18-4908,825-49-5686,867-92-6428,643-22-5206,888-94-5025,365-28-2412,423-57-3465,631-41-3065,421-72-2496,528-22-7155,770-71-6035,558-70-4027,691-66-7108,385-65-3927,355-45-6350,728-16-5433,350-38-3538,394-03-7853,612-68-3995,645-60-7031,308-29-6658,626-24-6716,485-37-3782,429-37-7320,550-69-6797,778-54-7430,315-05-7677,474-13-7354,542-67-4000,687-16-5974,841-29-4047,852-73-2712,724-03-2533,626-41-2966,771-78-3372,498-01-3949,742-03-3629,630-46-3806,728-61-3217,633-13-6491,536-70-2697,637-75-4689,824-53-4629, expected:&amp;lt;0&amp;gt; but was:&amp;lt;100&amp;gt;">
      <![CDATA[junit.framework.AssertionFailedError: Customer - PrimaryPhoneNumber check is Failed at SSN=675-82-3342,881-31-7849,620-74-4374,307-33-6120,null,563-13-3480,405-05-7405,348-37-6100,308-33-6028,581-13-7011,484-31-5048,584-19-7081,314-74-6617,739-51-2474,784-34-6166,653-43-5027,739-07-3254,574-19-3006,776-65-7116,619-72-5529,864-07-7321,567-70-7501,778-16-5413,461-24-7796,376-05-5086,314-15-4739,536-52-7283,318-99-3238,641-70-3851,503-62-3268,472-24-4441,335-91-7032,374-98-6150,579-31-6742,562-74-7559,658-01-5837,390-44-7297,886-36-3324,641-54-5377,729-78-6969,886-88-6477,506-24-3865,433-10-7453,741-04-7827,760-15-7865,786-31-7131,656-66-6839,640-60-5548,346-92-6716,467-00-7279,530-89-3743,717-35-7783,862-24-5191,813-09-3240,891-32-4627,526-94-7857,745-94-4520,497-18-4908,825-49-5686,867-92-6428,643-22-5206,888-94-5025,365-28-2412,423-57-3465,631-41-3065,421-72-2496,528-22-7155,770-71-6035,558-70-4027,691-66-7108,385-65-3927,355-45-6350,728-16-5433,350-38-3538,394-03-7853,612-68-3995,645-60-7031,308-29-6658,626-24-6716,485-37-3782,429-37-7320,550-69-6797,778-54-7430,315-05-7677,474-13-7354,542-67-4000,687-16-5974,841-29-4047,852-73-2712,724-03-2533,626-41-2966,771-78-3372,498-01-3949,742-03-3629,630-46-3806,728-61-3217,633-13-6491,536-70-2697,637-75-4689,824-53-4629, expected:<0> but was:<100>
	at junit.framework.Assert.fail(Assert.java:57)
	at junit.framework.Assert.failNotEquals(Assert.java:329)
	at junit.framework.Assert.assertEquals(Assert.java:78)
	at junit.framework.Assert.assertEquals(Assert.java:234)
	at exe.Arthadb_Automation.ArthaDB_PrimaryPhoneNumber_TC003(Arthadb_Automation.java:160)
... Removed 24 stack frames]]>
    </failure>
  </testcase> <!-- ArthaDB_PrimaryPhoneNumber_TC003 -->
  <testcase name="ArthaDB_Customer_Details_Update_Check_TC004" time="0.004" classname="exe.Arthadb_Automation"/>
</testsuite> <!-- Test -->
